<?xml version="1.0" encoding="UTF-8"?>
<!-- Generated by org.testng.reporters.JUnitXMLReporter -->
<testsuite hostname="DESKTOP-B2220QC" ignored="0" name="ChromeTest" tests="6" failures="0" timestamp="2022-02-10T20:41:36 IST" time="0.229" errors="0">
  <testcase name="testE" time="0.016" classname="tests.TestClass2"/>
  <testcase name="testF" time="0.004" classname="tests.TestClass2"/>
  <testcase name="testH" time="0.006" classname="tests.TestClass2"/>
  <testcase name="testA" time="0.003" classname="tests.TestClass1"/>
  <testcase name="testB" time="0.01" classname="tests.TestClass1"/>
  <testcase name="testC" time="0.007" classname="tests.TestClass1"/>
</testsuite> <!-- ChromeTest -->
