<?xml version="1.0" encoding="UTF-8"?>
<!-- Generated by org.testng.reporters.JUnitXMLReporter -->
<testsuite hostname="DESKTOP-B2220QC" ignored="0" name="Test" tests="6" failures="0" timestamp="2022-02-10T20:37:32 IST" time="0.187" errors="0">
  <testcase name="testE" time="0.023" classname="tests.TestClass2"/>
  <testcase name="testF" time="0.003" classname="tests.TestClass2"/>
  <testcase name="testH" time="0.002" classname="tests.TestClass2"/>
  <testcase name="testA" time="0.002" classname="tests.TestClass1"/>
  <testcase name="testB" time="0.004" classname="tests.TestClass1"/>
  <testcase name="testC" time="0.003" classname="tests.TestClass1"/>
</testsuite> <!-- Test -->
